
> web@0.1.0 build
> next build

ΓÜá Warning: Next.js inferred your workspace root, but it may not be correct.
 We detected multiple lockfiles and selected the directory of C:\Users\deven\package-lock.json as the root directory.
 To silence this warning, set `turbopack.root` in your Next.js config, or consider removing one of the lockfiles if it's not needed.
   See https://nextjs.org/docs/app/api-reference/config/next-config-js/turbopack#root-directory for more information.
 Detected additional lockfiles: 
   * C:\Users\deven\Desktop\web-app\package-lock.json

Γû▓ Next.js 16.1.2 (Turbopack)
- Environments: .env.local, .env

  Creating an optimized production build ...
Γ£ô Compiled successfully in 3.1s
  Running TypeScript ...
Failed to compile.

.next/dev/types/validator.ts:168:39
Type error: Cannot find module '../../../app/news/[slug]/page.js' or its corresponding type declarations.

  166 | {
  167 |   type __IsExpected<Specific extends AppPageConfig<"/news/[slug]">> = Specific
> 168 |   const handler = {} as typeof import("../../../app/news/[slug]/page.js")
      |                                       ^
  169 |   type __Check = __IsExpected<typeof handler>
  170 |   // @ts-ignore
  171 |   type __Unused = __Check
Next.js build worker exited with code: 1 and signal: null
